2023-06-10 21:48:54.523 [INFO] {c06e365d5a506717a0b8b8312e8ba3b4} D:/wk/mygithub/gtoolboxs/main.go:14: SELECT * FROM `test`: unable to open database file: out of memory (14)
2023-06-10 21:48:54.523 [INFO] {c06e365d5a506717a0b8b8312e8ba3b4} D:/wk/mygithub/gtoolboxs/main.go:15:
2023-06-10 21:49:36.398 [INFO] {f0d3401d645067174e226e3f3bc7b308} D:/wk/mygithub/gtoolboxs/main.go:14: SELECT * FROM `test`: unable to open database file: out of memory (14)
2023-06-10 21:49:36.399 [INFO] {f0d3401d645067174e226e3f3bc7b308} D:/wk/mygithub/gtoolboxs/main.go:15:
2023-06-10 21:50:35.888 [INFO] {1c8e1df771506717b9084a2ec1a65cce} D:/wk/mygithub/gtoolboxs/main.go:14: SELECT * FROM `test`: unable to open database file: out of memory (14)
2023-06-10 21:50:35.888 [INFO] {1c8e1df771506717b9084a2ec1a65cce} D:/wk/mygithub/gtoolboxs/main.go:15:
2023-06-10 21:50:59.327 [INFO] {fc7b886877506717388ec016a3fdd004} D:/wk/mygithub/gtoolboxs/main.go:14: SELECT * FROM `test`: unable to open database file: out of memory (14)
2023-06-10 21:50:59.327 [INFO] {fc7b886877506717388ec016a3fdd004} D:/wk/mygithub/gtoolboxs/main.go:15:
2023-06-10 21:51:22.109 [INFO] {7cd61aba7c5067177d5eb729b7ce22ba} D:/wk/mygithub/gtoolboxs/main.go:14: SELECT * FROM `test` LIMIT 1: unable to open database file: out of memory (14)
2023-06-10 21:51:22.110 [INFO] {7cd61aba7c5067177d5eb729b7ce22ba} D:/wk/mygithub/gtoolboxs/main.go:15:
2023-06-10 21:51:41.747 [INFO] {8c71c44c81506717981f082fa9063070} D:/wk/mygithub/gtoolboxs/utility/dbutil/init.go:32: 本地配置数据库连接成功
2023-06-10 21:51:41.749 [INFO] {8c71c44c81506717981f082fa9063070} D:/wk/mygithub/gtoolboxs/main.go:14:
2023-06-10 21:51:41.749 [INFO] {8c71c44c81506717981f082fa9063070} D:/wk/mygithub/gtoolboxs/main.go:15: {"id":1,"name":"a"}
2023-06-10 21:53:07.924 [INFO] {a87f395d955067176eae11132ba643c2} D:/wk/mygithub/gtoolboxs/utility/dbutil/init.go:32: 本地配置数据库连接成功
2023-06-10 21:53:07.926 [INFO] {a87f395d955067176eae11132ba643c2} D:/wk/mygithub/gtoolboxs/main.go:14:
2023-06-10 21:53:07.926 [INFO] {a87f395d955067176eae11132ba643c2} D:/wk/mygithub/gtoolboxs/main.go:15: [{"id":1,"name":"a"}]
2023-06-10 21:54:02.230 [INFO] {84cf1f02a25067179c851e6ede53dd9c} D:/wk/mygithub/gtoolboxs/utility/dbutil/init.go:32: 本地配置数据库连接成功
2023-06-10 21:54:02.352 [INFO] {84cf1f02a25067179c851e6ede53dd9c} D:/wk/mygithub/gtoolboxs/main.go:14: SELECT * FROM test: mssql: login error: Login failed for user 'c96b3c8e47f7\Guest'.
2023-06-10 21:54:02.352 [INFO] {84cf1f02a25067179c851e6ede53dd9c} D:/wk/mygithub/gtoolboxs/main.go:15:
2023-06-10 22:01:24.736 [INFO] {88cd8609095167178821d9356780c4fa} D:/wk/mygithub/gtoolboxs/utility/dbutil/init.go:32: 本地配置数据库连接成功
2023-06-10 22:01:24.738 [INFO] {88cd8609095167178821d9356780c4fa} D:/wk/mygithub/gtoolboxs/main.go:14:
2023-06-10 22:01:24.738 [INFO] {88cd8609095167178821d9356780c4fa} D:/wk/mygithub/gtoolboxs/main.go:15: [{"id":1,"name":"a"}]
2023-06-10 22:02:03.510 [INFO] {74b79610125167172a69b436491b609c} D:/wk/mygithub/gtoolboxs/utility/dbutil/init.go:32: 本地配置数据库连接成功
2023-06-10 22:02:03.512 [INFO] {74b79610125167172a69b436491b609c} D:/wk/mygithub/gtoolboxs/main.go:13:
2023-06-10 22:02:03.512 [INFO] {74b79610125167172a69b436491b609c} D:/wk/mygithub/gtoolboxs/main.go:14: [{"id":1,"name":"a"}]
2023-06-10 22:02:03.512 [INFO] {74b79610125167172a69b436491b609c} D:/wk/mygithub/gtoolboxs/main.go:17:
2023-06-10 22:02:03.512 [INFO] {74b79610125167172a69b436491b609c} D:/wk/mygithub/gtoolboxs/main.go:18: [{"id":1,"name":"a"}]
2023-06-10 22:08:17.011 [INFO] {0c7e08076951671776691564c5af63bf} D:/wk/mygithub/gtoolboxs/utility/dbutil/init.go:32: 本地配置数据库连接成功
2023-06-10 22:08:17.013 [INFO] {0c7e08076951671776691564c5af63bf} D:/wk/mygithub/gtoolboxs/main.go:13:
2023-06-10 22:08:17.013 [INFO] {0c7e08076951671776691564c5af63bf} D:/wk/mygithub/gtoolboxs/main.go:14: [{"id":1,"name":"a"}]
2023-06-10 22:08:17.013 [INFO] {0c7e08076951671776691564c5af63bf} D:/wk/mygithub/gtoolboxs/main.go:17:
2023-06-10 22:08:17.013 [INFO] {0c7e08076951671776691564c5af63bf} D:/wk/mygithub/gtoolboxs/main.go:18: [{"id":1,"name":"a"}]
2023-06-10 22:12:09.364 [INFO] {0c475e209f516717e31e45507aa29a66} D:/wk/mygithub/gtoolboxs/utility/dbutil/init.go:32: 本地配置数据库连接成功
2023-06-10 22:12:09.367 [INFO] {0c475e209f516717e31e45507aa29a66} D:/wk/mygithub/gtoolboxs/main.go:14:
2023-06-10 22:12:09.367 [INFO] {0c475e209f516717e31e45507aa29a66} D:/wk/mygithub/gtoolboxs/main.go:15: [{"id":1,"name":"a"}]
2023-06-10 22:12:09.367 [INFO] {0c475e209f516717e31e45507aa29a66} D:/wk/mygithub/gtoolboxs/main.go:18:
2023-06-10 22:12:09.367 [INFO] {0c475e209f516717e31e45507aa29a66} D:/wk/mygithub/gtoolboxs/main.go:19: [{"id":1,"name":"a"}]
2023-06-10 22:12:19.563 [INFO] {f46d5680a15167175a8df05d8dc9b75c} D:/wk/mygithub/gtoolboxs/utility/dbutil/init.go:32: 本地配置数据库连接成功
2023-06-10 22:12:19.565 [INFO] {f46d5680a15167175a8df05d8dc9b75c} D:/wk/mygithub/gtoolboxs/main.go:13:
2023-06-10 22:12:19.565 [INFO] {f46d5680a15167175a8df05d8dc9b75c} D:/wk/mygithub/gtoolboxs/main.go:14: [{"id":1,"name":"a"},{"id":3,"name":"de"}]
2023-06-10 22:12:19.565 [INFO] {f46d5680a15167175a8df05d8dc9b75c} D:/wk/mygithub/gtoolboxs/main.go:17:
2023-06-10 22:12:19.565 [INFO] {f46d5680a15167175a8df05d8dc9b75c} D:/wk/mygithub/gtoolboxs/main.go:18: [{"id":1,"name":"a"},{"id":3,"name":"de"}]
2023-06-10 22:12:33.958 [INFO] {c44e52daa4516717f49d697ab3e02cbd} D:/wk/mygithub/gtoolboxs/utility/dbutil/init.go:32: 本地配置数据库连接成功
2023-06-10 22:12:33.960 [INFO] {c44e52daa4516717f49d697ab3e02cbd} D:/wk/mygithub/gtoolboxs/main.go:13:
2023-06-10 22:12:33.960 [INFO] {c44e52daa4516717f49d697ab3e02cbd} D:/wk/mygithub/gtoolboxs/main.go:14: [{"id":1,"name":"a"},{"id":3,"name":"de"}]
2023-06-10 22:12:33.960 [INFO] {c44e52daa4516717f49d697ab3e02cbd} D:/wk/mygithub/gtoolboxs/main.go:17:
2023-06-10 22:12:33.960 [INFO] {c44e52daa4516717f49d697ab3e02cbd} D:/wk/mygithub/gtoolboxs/main.go:18: [{"id":1,"name":"a"},{"id":3,"name":"de"}]
2023-06-10 22:12:57.266 [INFO] {e45e9647aa5167171bac781f337eafbe} D:/wk/mygithub/gtoolboxs/utility/dbutil/init.go:32: 本地配置数据库连接成功
2023-06-10 22:12:57.267 [INFO] {e45e9647aa5167171bac781f337eafbe} D:/wk/mygithub/gtoolboxs/main.go:13:
2023-06-10 22:12:57.267 [INFO] {e45e9647aa5167171bac781f337eafbe} D:/wk/mygithub/gtoolboxs/main.go:14: [{"id":1,"name":"a"},{"id":3,"name":"de"}]
2023-06-10 22:12:57.267 [INFO] {e45e9647aa5167171bac781f337eafbe} D:/wk/mygithub/gtoolboxs/main.go:17:
2023-06-10 22:12:57.267 [INFO] {e45e9647aa5167171bac781f337eafbe} D:/wk/mygithub/gtoolboxs/main.go:18: [{"id":1,"name":"a"},{"id":3,"name":"de"}]
2023-06-10 22:15:55.566 [INFO] {fcd121cbd351671774b2e35ea4cdf06f} D:/wk/mygithub/gtoolboxs/utility/dbutil/init.go:32: 本地配置数据库连接成功
2023-06-10 22:15:55.568 [INFO] {fcd121cbd351671774b2e35ea4cdf06f} D:/wk/mygithub/gtoolboxs/main.go:13:
2023-06-10 22:15:55.568 [INFO] {fcd121cbd351671774b2e35ea4cdf06f} D:/wk/mygithub/gtoolboxs/main.go:14: [{"id":1,"name":"a"}]
2023-06-10 22:15:55.568 [INFO] {fcd121cbd351671774b2e35ea4cdf06f} D:/wk/mygithub/gtoolboxs/main.go:17:
2023-06-10 22:15:55.568 [INFO] {fcd121cbd351671774b2e35ea4cdf06f} D:/wk/mygithub/gtoolboxs/main.go:18: [{"id":1,"name":"a"}]
2023-06-10 22:16:09.816 [INFO] {b8f67d1cd7516717a0ed8c250b1cfd10} D:/wk/mygithub/gtoolboxs/utility/dbutil/init.go:32: 本地配置数据库连接成功
2023-06-10 22:16:09.818 [INFO] {b8f67d1cd7516717a0ed8c250b1cfd10} D:/wk/mygithub/gtoolboxs/main.go:13:
2023-06-10 22:16:09.818 [INFO] {b8f67d1cd7516717a0ed8c250b1cfd10} D:/wk/mygithub/gtoolboxs/main.go:14: [{"id":1,"name":"a"}]
2023-06-10 22:16:09.818 [INFO] {b8f67d1cd7516717a0ed8c250b1cfd10} D:/wk/mygithub/gtoolboxs/main.go:17:
2023-06-10 22:16:09.818 [INFO] {b8f67d1cd7516717a0ed8c250b1cfd10} D:/wk/mygithub/gtoolboxs/main.go:18: [{"id":1,"name":"a"}]
2023-06-10 22:16:15.000 [INFO] {980a7251d851671785c55f4f12350a17} D:/wk/mygithub/gtoolboxs/utility/dbutil/init.go:32: 本地配置数据库连接成功
2023-06-10 22:16:15.001 [INFO] {980a7251d851671785c55f4f12350a17} D:/wk/mygithub/gtoolboxs/main.go:13:
2023-06-10 22:16:15.001 [INFO] {980a7251d851671785c55f4f12350a17} D:/wk/mygithub/gtoolboxs/main.go:14: [{"id":1,"name":"a"}]
2023-06-10 22:16:15.001 [INFO] {980a7251d851671785c55f4f12350a17} D:/wk/mygithub/gtoolboxs/main.go:17:
2023-06-10 22:16:15.001 [INFO] {980a7251d851671785c55f4f12350a17} D:/wk/mygithub/gtoolboxs/main.go:18: [{"id":1,"name":"a"}]
2023-06-10 22:16:39.692 [INFO] {44192411de51671782e4f368f24e812d} D:/wk/mygithub/gtoolboxs/utility/dbutil/init.go:32: 本地配置数据库连接成功
2023-06-10 22:16:39.693 [INFO] {44192411de51671782e4f368f24e812d} D:/wk/mygithub/gtoolboxs/main.go:14:
2023-06-10 22:16:39.693 [INFO] {44192411de51671782e4f368f24e812d} D:/wk/mygithub/gtoolboxs/main.go:15: [{"id":1,"name":"a"}]
2023-06-10 22:16:39.693 [INFO] {44192411de51671782e4f368f24e812d} D:/wk/mygithub/gtoolboxs/main.go:18:
2023-06-10 22:16:39.693 [INFO] {44192411de51671782e4f368f24e812d} D:/wk/mygithub/gtoolboxs/main.go:19: [{"id":1,"name":"a"}]
2023-06-10 22:16:48.818 [INFO] {30122731e0516717166e1b71297f662c} D:/wk/mygithub/gtoolboxs/utility/dbutil/init.go:32: 本地配置数据库连接成功
2023-06-10 22:16:48.821 [INFO] {30122731e0516717166e1b71297f662c} D:/wk/mygithub/gtoolboxs/main.go:13:
2023-06-10 22:16:48.821 [INFO] {30122731e0516717166e1b71297f662c} D:/wk/mygithub/gtoolboxs/main.go:14: [{"id":1,"name":"a"}]
2023-06-10 22:16:48.821 [INFO] {30122731e0516717166e1b71297f662c} D:/wk/mygithub/gtoolboxs/main.go:17:
2023-06-10 22:16:48.821 [INFO] {30122731e0516717166e1b71297f662c} D:/wk/mygithub/gtoolboxs/main.go:18: [{"id":1,"name":"a"}]
2023-06-10 22:16:53.968 [INFO] {f40ee263e15167179dd90c1bd2cd386f} D:/wk/mygithub/gtoolboxs/utility/dbutil/init.go:32: 本地配置数据库连接成功
2023-06-10 22:16:53.969 [INFO] {f40ee263e15167179dd90c1bd2cd386f} D:/wk/mygithub/gtoolboxs/main.go:13:
2023-06-10 22:16:53.969 [INFO] {f40ee263e15167179dd90c1bd2cd386f} D:/wk/mygithub/gtoolboxs/main.go:14: [{"id":1,"name":"a"}]
2023-06-10 22:16:53.970 [INFO] {f40ee263e15167179dd90c1bd2cd386f} D:/wk/mygithub/gtoolboxs/main.go:17:
2023-06-10 22:16:53.970 [INFO] {f40ee263e15167179dd90c1bd2cd386f} D:/wk/mygithub/gtoolboxs/main.go:18: [{"id":1,"name":"a"}]
2023-06-10 22:17:18.941 [INFO] {d0bc8b34e7516717d8e4fc378e23c86a} D:/wk/mygithub/gtoolboxs/utility/dbutil/init.go:32: 本地配置数据库连接成功
2023-06-10 22:17:18.942 [INFO] {d0bc8b34e7516717d8e4fc378e23c86a} D:/wk/mygithub/gtoolboxs/main.go:13:
2023-06-10 22:17:18.942 [INFO] {d0bc8b34e7516717d8e4fc378e23c86a} D:/wk/mygithub/gtoolboxs/main.go:14: [{"id":1,"name":"a"},{"id":3,"name":"de"},{"id":4,"name":"de2"}]
2023-06-10 22:17:18.942 [INFO] {d0bc8b34e7516717d8e4fc378e23c86a} D:/wk/mygithub/gtoolboxs/main.go:17:
2023-06-10 22:17:18.942 [INFO] {d0bc8b34e7516717d8e4fc378e23c86a} D:/wk/mygithub/gtoolboxs/main.go:18: [{"id":1,"name":"a"},{"id":3,"name":"de"},{"id":4,"name":"de2"}]
2023-06-10 22:19:16.051 [INFO] {fc2fd87802526717511bec4c042f82ee} D:/wk/mygithub/gtoolboxs/utility/dbutil/init.go:32: 本地配置数据库连接成功
2023-06-10 22:19:16.052 [INFO] {fc2fd87802526717511bec4c042f82ee} D:/wk/mygithub/gtoolboxs/main.go:13:
2023-06-10 22:19:16.052 [INFO] {fc2fd87802526717511bec4c042f82ee} D:/wk/mygithub/gtoolboxs/main.go:14: [{"id":1,"name":"a"}]
2023-06-10 22:19:16.052 [INFO] {fc2fd87802526717511bec4c042f82ee} D:/wk/mygithub/gtoolboxs/main.go:17:
2023-06-10 22:19:16.052 [INFO] {fc2fd87802526717511bec4c042f82ee} D:/wk/mygithub/gtoolboxs/main.go:18: [{"id":1,"name":"a"}]
2023-06-10 22:19:50.383 [INFO] {48b343770a5267170255d52247f17449} D:/wk/mygithub/gtoolboxs/utility/dbutil/init.go:32: 本地配置数据库连接成功
2023-06-10 22:19:50.384 [INFO] {48b343770a5267170255d52247f17449} D:/wk/mygithub/gtoolboxs/utility/dbutil/db.go:84: log
2023-06-10 22:19:50.384 [INFO] {48b343770a5267170255d52247f17449} D:/wk/mygithub/gtoolboxs/utility/dbutil/db.go:87: {"host":"","port":"","user":"","pass":"","name":"","type":"sqlite","link":"D:/wk/mygithub/gtoolboxs/manifest/db/db.sqlite","extra":"","role":"master","debug":true,"prefix":"","dryRun":false,"weight":0,"charset":"utf8","protocol":"tcp","timezone":"","namespace":"","maxIdle":0,"maxOpen":0,"maxLifeTime":0,"queryTimeout":0,"execTimeout":0,"tranTimeout":0,"prepareTimeout":0,"createdAt":"","updatedAt":"","deletedAt":"","timeMaintainDisabled":false}
2023-06-10 22:19:50.385 [INFO] {48b343770a5267170255d52247f17449} D:/wk/mygithub/gtoolboxs/main.go:13:
2023-06-10 22:19:50.385 [INFO] {48b343770a5267170255d52247f17449} D:/wk/mygithub/gtoolboxs/main.go:14: [{"id":1,"name":"a"},{"id":3,"name":"de"},{"id":4,"name":"de2"}]
2023-06-10 22:19:50.385 [INFO] {48b343770a5267170255d52247f17449} D:/wk/mygithub/gtoolboxs/main.go:17:
2023-06-10 22:19:50.385 [INFO] {48b343770a5267170255d52247f17449} D:/wk/mygithub/gtoolboxs/main.go:18: [{"id":1,"name":"a"},{"id":3,"name":"de"},{"id":4,"name":"de2"}]
2023-06-10 22:34:30.536 [INFO] {6c297b64d7526717fb754539d9b0c8f9} D:/wk/mygithub/gtoolboxs/utility/dbutil/init.go:32: 本地配置数据库连接成功
2023-06-10 22:34:30.591 [INFO] {6c297b64d7526717fb754539d9b0c8f9} D:/wk/mygithub/gtoolboxs/main.go:13: SELECT * FROM test: mssql: login error: Login failed for user 'c96b3c8e47f7\Guest'.
2023-06-10 22:34:30.591 [INFO] {6c297b64d7526717fb754539d9b0c8f9} D:/wk/mygithub/gtoolboxs/main.go:14:
2023-06-10 22:34:30.613 [INFO] {6c297b64d7526717fb754539d9b0c8f9} D:/wk/mygithub/gtoolboxs/main.go:17: SELECT * FROM test: mssql: login error: Login failed for user 'c96b3c8e47f7\Guest'.
2023-06-10 22:34:30.613 [INFO] {6c297b64d7526717fb754539d9b0c8f9} D:/wk/mygithub/gtoolboxs/main.go:18:
2023-06-10 22:35:41.976 [INFO] {f081a506e8526717df2c47610b931abc} D:/wk/mygithub/gtoolboxs/utility/dbutil/init.go:32: 本地配置数据库连接成功
2023-06-10 22:35:41.979 [INFO] {f081a506e8526717df2c47610b931abc} D:/wk/mygithub/gtoolboxs/main.go:13:
2023-06-10 22:35:41.979 [INFO] {f081a506e8526717df2c47610b931abc} D:/wk/mygithub/gtoolboxs/main.go:14: [{"id":1,"name":"a"}]
2023-06-10 22:35:41.979 [INFO] {f081a506e8526717df2c47610b931abc} D:/wk/mygithub/gtoolboxs/main.go:17:
2023-06-10 22:35:41.979 [INFO] {f081a506e8526717df2c47610b931abc} D:/wk/mygithub/gtoolboxs/main.go:18: [{"id":1,"name":"a"}]
2023-06-10 22:57:50.162 [INFO] {4ca9b2441d546717ade6b44dd448cdad} D:/wk/mygithub/gtoolboxs/utility/dbutil/init.go:32: 本地配置数据库连接成功
2023-06-10 22:57:50.164 [INFO] {4ca9b2441d546717ade6b44dd448cdad} D:/wk/mygithub/gtoolboxs/main.go:13:
2023-06-10 22:57:50.164 [INFO] {4ca9b2441d546717ade6b44dd448cdad} D:/wk/mygithub/gtoolboxs/main.go:14: [{"id":1,"name":"a"},{"id":3,"name":"de"},{"id":4,"name":"de2"}]
2023-06-10 22:57:50.164 [INFO] {4ca9b2441d546717ade6b44dd448cdad} D:/wk/mygithub/gtoolboxs/main.go:17:
2023-06-10 22:57:50.164 [INFO] {4ca9b2441d546717ade6b44dd448cdad} D:/wk/mygithub/gtoolboxs/main.go:18: [{"id":1,"name":"a"},{"id":3,"name":"de"},{"id":4,"name":"de2"}]
2023-06-10 22:58:14.873 [INFO] {d0b69b0523546717071df75b993da0bf} D:/wk/mygithub/gtoolboxs/utility/dbutil/init.go:32: 本地配置数据库连接成功
2023-06-10 22:58:14.876 [INFO] {d0b69b0523546717071df75b993da0bf} D:/wk/mygithub/gtoolboxs/main.go:13:
2023-06-10 22:58:14.876 [INFO] {d0b69b0523546717071df75b993da0bf} D:/wk/mygithub/gtoolboxs/main.go:14: [{"id":1,"name":"a"},{"id":3,"name":"de"},{"id":4,"name":"de2"}]
2023-06-10 22:58:14.876 [INFO] {d0b69b0523546717071df75b993da0bf} D:/wk/mygithub/gtoolboxs/main.go:17:
2023-06-10 22:58:14.876 [INFO] {d0b69b0523546717071df75b993da0bf} D:/wk/mygithub/gtoolboxs/main.go:18: [{"id":1,"name":"a"},{"id":3,"name":"de"},{"id":4,"name":"de2"}]
