2023-06-10 21:48:54.521 [ERRO] {c06e365d5a506717a0b8b8312e8ba3b4} D:/wk/mygithub/gtoolboxs/utility/dbutil/init.go:34: 本地配置数据库连接失败： slave.Ping failed: unable to open database file: out of memory (14)
2023-06-10 21:49:36.397 [ERRO] {f0d3401d645067174e226e3f3bc7b308} D:/wk/mygithub/gtoolboxs/utility/dbutil/init.go:34: 本地配置数据库连接失败： slave.Ping failed: unable to open database file: out of memory (14)
2023-06-10 21:50:35.886 [ERRO] {1c8e1df771506717b9084a2ec1a65cce} D:/wk/mygithub/gtoolboxs/utility/dbutil/init.go:34: 本地配置数据库连接失败： slave.Ping failed: unable to open database file: out of memory (14)
2023-06-10 21:50:59.264 [ERRO] {fc7b886877506717388ec016a3fdd004} D:/wk/mygithub/gtoolboxs/utility/dbutil/init.go:34: 本地配置数据库连接失败： slave.Ping failed: unable to open database file: out of memory (14)
2023-06-10 21:51:22.108 [ERRO] {7cd61aba7c5067177d5eb729b7ce22ba} D:/wk/mygithub/gtoolboxs/utility/dbutil/init.go:34: 本地配置数据库连接失败： slave.Ping failed: unable to open database file: out of memory (14)
2023-06-10 21:54:02.230 [ERRO] D:/wk/mygithub/gtoolboxs/utility/dbutil/db.go:77: database configuration node "log" is not found, did you misspell group name "log" or miss the database configuration?
2023-06-10 21:54:02.230 [ERRO] {84cf1f02a25067179c851e6ede53dd9c} D:/wk/mygithub/gtoolboxs/utility/dbutil/db.go:40: database configuration node "log" is not found, did you misspell group name "log" or miss the database configuration?
2023-06-10 22:01:24.736 [ERRO] D:/wk/mygithub/gtoolboxs/utility/dbutil/db.go:92: database configuration node "log" is not found, did you misspell group name "log" or miss the database configuration?
2023-06-10 22:01:24.736 [ERRO] {88cd8609095167178821d9356780c4fa} D:/wk/mygithub/gtoolboxs/utility/dbutil/db.go:40: database configuration node "log" is not found, did you misspell group name "log" or miss the database configuration?
2023-06-10 22:02:03.511 [ERRO] D:/wk/mygithub/gtoolboxs/utility/dbutil/db.go:92: database configuration node "log" is not found, did you misspell group name "log" or miss the database configuration?
2023-06-10 22:02:03.511 [ERRO] {74b79610125167172a69b436491b609c} D:/wk/mygithub/gtoolboxs/utility/dbutil/db.go:40: database configuration node "log" is not found, did you misspell group name "log" or miss the database configuration?
2023-06-10 22:08:17.012 [ERRO] D:/wk/mygithub/gtoolboxs/utility/dbutil/db.go:92: database configuration node "log" is not found, did you misspell group name "log" or miss the database configuration?
2023-06-10 22:08:17.012 [ERRO] {0c7e08076951671776691564c5af63bf} D:/wk/mygithub/gtoolboxs/utility/dbutil/db.go:40: database configuration node "log" is not found, did you misspell group name "log" or miss the database configuration?
2023-06-10 22:12:09.365 [ERRO] D:/wk/mygithub/gtoolboxs/utility/dbutil/db.go:92: database configuration node "log" is not found, did you misspell group name "log" or miss the database configuration?
2023-06-10 22:12:09.365 [ERRO] {0c475e209f516717e31e45507aa29a66} D:/wk/mygithub/gtoolboxs/utility/dbutil/db.go:40: database configuration node "log" is not found, did you misspell group name "log" or miss the database configuration?
2023-06-10 22:12:19.564 [ERRO] D:/wk/mygithub/gtoolboxs/utility/dbutil/db.go:92: database configuration node "log" is not found, did you misspell group name "log" or miss the database configuration?
2023-06-10 22:12:19.564 [ERRO] {f46d5680a15167175a8df05d8dc9b75c} D:/wk/mygithub/gtoolboxs/utility/dbutil/db.go:40: database configuration node "log" is not found, did you misspell group name "log" or miss the database configuration?
2023-06-10 22:17:18.941 [ERRO] D:/wk/mygithub/gtoolboxs/utility/dbutil/db.go:92: database configuration node "log" is not found, did you misspell group name "log" or miss the database configuration?
2023-06-10 22:17:18.941 [ERRO] {d0bc8b34e7516717d8e4fc378e23c86a} D:/wk/mygithub/gtoolboxs/utility/dbutil/db.go:40: database configuration node "log" is not found, did you misspell group name "log" or miss the database configuration?
2023-06-10 22:19:50.384 [ERRO] D:/wk/mygithub/gtoolboxs/utility/dbutil/db.go:95: database configuration node "log" is not found, did you misspell group name "log" or miss the database configuration?
2023-06-10 22:19:50.384 [ERRO] {48b343770a5267170255d52247f17449} D:/wk/mygithub/gtoolboxs/utility/dbutil/db.go:40: database configuration node "log" is not found, did you misspell group name "log" or miss the database configuration?
2023-06-10 22:34:30.537 [ERRO] D:/wk/mygithub/gtoolboxs/utility/dbutil/db.go:97: database configuration node "log" is not found, did you misspell group name "log" or miss the database configuration?
2023-06-10 22:34:30.538 [ERRO] {6c297b64d7526717fb754539d9b0c8f9} D:/wk/mygithub/gtoolboxs/utility/dbutil/db.go:40: database configuration node "log" is not found, did you misspell group name "log" or miss the database configuration?
2023-06-10 22:35:41.978 [ERRO] D:/wk/mygithub/gtoolboxs/utility/dbutil/db.go:98: database configuration node "log" is not found, did you misspell group name "log" or miss the database configuration?
2023-06-10 22:35:41.978 [ERRO] {f081a506e8526717df2c47610b931abc} D:/wk/mygithub/gtoolboxs/utility/dbutil/db.go:40: database configuration node "log" is not found, did you misspell group name "log" or miss the database configuration?
2023-06-10 22:57:50.163 [ERRO] D:/wk/mygithub/gtoolboxs/utility/dbutil/db.go:97: database configuration node "log" is not found, did you misspell group name "log" or miss the database configuration?
2023-06-10 22:57:50.163 [ERRO] {4ca9b2441d546717ade6b44dd448cdad} D:/wk/mygithub/gtoolboxs/utility/dbutil/db.go:40: database configuration node "log" is not found, did you misspell group name "log" or miss the database configuration?
2023-06-10 22:58:14.874 [ERRO] D:/wk/mygithub/gtoolboxs/utility/dbutil/db.go:97: database configuration node "TEST" is not found, did you misspell group name "TEST" or miss the database configuration?
2023-06-10 22:58:14.874 [ERRO] {d0b69b0523546717071df75b993da0bf} D:/wk/mygithub/gtoolboxs/utility/dbutil/db.go:40: database configuration node "TEST" is not found, did you misspell group name "TEST" or miss the database configuration?
2023-06-10 22:58:14.874 [ERRO] {d0b69b0523546717071df75b993da0bf} D:/wk/mygithub/gtoolboxs/utility/dbutil/db.go:79: database configuration node "TEST" is not found, did you misspell group name "TEST" or miss the database configuration?
